<?xml version="1.0" encoding="UTF-8"?>
<!-- Generated by org.testng.reporters.JUnitReportReporter -->
<testsuite skipped="0" hostname="Anu-pc" name="com.epoccoverter.testcases.UnixTimestampConverterTests" tests="5" failures="5" timestamp="2023-04-01T02:34:11 IST" time="7.767" errors="0">
  <testcase name="testUnixToHumanReadable" time="1.223" classname="com.epoccoverter.testcases.UnixTimestampConverterTests">
    <failure type="java.lang.AssertionError" message="Unix to human readable conversion failed expected [2038-01-19 03:14:07] but found [&lt;!DOCTYPE HTML PUBLIC &quot;-//IETF//DTD HTML 2.0//EN&quot;&gt;
&lt;html&gt;&lt;head&gt;
&lt;title&gt;403 Forbidden&lt;/title&gt;
&lt;script src=&quot;/cdn-cgi/apps/head/d68TQN-2Nl9xNJpFHLNJ6Jj2TPo.js&quot;&gt;&lt;/script&gt;&lt;/head&gt;&lt;body&gt;
&lt;h1&gt;Forbidden&lt;/h1&gt;
&lt;p&gt;You don&#039;t have permission to access this resource.&lt;/p&gt;
&lt;hr&gt;
&lt;address&gt;Apache/2.4.52 (Ubuntu) Server at helloacm.com Port 80&lt;/address&gt;
&lt;script&gt;(function(){var js = &quot;window[&#039;__CF$cv$params&#039;]={r:&#039;7b0b8a8818107956&#039;,m:&#039;G9u2Psrkkj0kO8XvaA.mUAu38XBnJi6F13veYcEhX5o-1680296629-0-AX43+Hchtnpveu/hnxya3canzC7NzVQF4VEisyNpso0Z2h+oq0LfbG9ykd+1R43465TIEGDjtr/s1lcUbS0WVUJy1BTDorArsWTn6A3dkhDFDzYfl+Oi1mvZgbmZRPNVwNDvsjiktc8zu2dbtNOIHuHR0greEMS+c6tlTLz3596y&#039;,s:[0x39915b3715,0x49b5a683a3],u:&#039;/cdn-cgi/challenge-platform/h/b&#039;};var now=Date.now()/1000,offset=14400,ts=&#039;&#039;+(Math.floor(now)-Math.floor(now%offset)),_cpo=document.createElement(&#039;script&#039;);_cpo.nonce=&#039;&#039;,_cpo.src=&#039;/cdn-cgi/challenge-platform/h/b/scripts/alpha/invisible.js?ts=&#039;+ts,document.getElementsByTagName(&#039;head&#039;)[0].appendChild(_cpo);&quot;;var _0xh = document.createElement(&#039;iframe&#039;);_0xh.height = 1;_0xh.width = 1;_0xh.style.position = &#039;absolute&#039;;_0xh.style.top = 0;_0xh.style.left = 0;_0xh.style.border = &#039;none&#039;;_0xh.style.visibility = &#039;hidden&#039;;document.body.appendChild(_0xh);function handler() {var _0xi = _0xh.contentDocument || _0xh.contentWindow.document;if (_0xi) {var _0xj = _0xi.createElement(&#039;script&#039;);_0xj.nonce = &#039;&#039;;_0xj.innerHTML = js;_0xi.getElementsByTagName(&#039;head&#039;)[0].appendChild(_0xj);}}if (document.readyState !== &#039;loading&#039;) {handler();} else if (window.addEventListener) {document.addEventListener(&#039;DOMContentLoaded&#039;, handler);} else {var prev = document.onreadystatechange || function () {};document.onreadystatechange = function (e) {prev(e);if (document.readyState !== &#039;loading&#039;) {document.onreadystatechange = prev;handler();}};}})();&lt;/script&gt;&lt;/body&gt;&lt;/html&gt;]">
      <![CDATA[java.lang.AssertionError: Unix to human readable conversion failed expected [2038-01-19 03:14:07] but found [<!DOCTYPE HTML PUBLIC "-//IETF//DTD HTML 2.0//EN">
<html><head>
<title>403 Forbidden</title>
<script src="/cdn-cgi/apps/head/d68TQN-2Nl9xNJpFHLNJ6Jj2TPo.js"></script></head><body>
<h1>Forbidden</h1>
<p>You don't have permission to access this resource.</p>
<hr>
<address>Apache/2.4.52 (Ubuntu) Server at helloacm.com Port 80</address>
<script>(function(){var js = "window['__CF$cv$params']={r:'7b0b8a8818107956',m:'G9u2Psrkkj0kO8XvaA.mUAu38XBnJi6F13veYcEhX5o-1680296629-0-AX43+Hchtnpveu/hnxya3canzC7NzVQF4VEisyNpso0Z2h+oq0LfbG9ykd+1R43465TIEGDjtr/s1lcUbS0WVUJy1BTDorArsWTn6A3dkhDFDzYfl+Oi1mvZgbmZRPNVwNDvsjiktc8zu2dbtNOIHuHR0greEMS+c6tlTLz3596y',s:[0x39915b3715,0x49b5a683a3],u:'/cdn-cgi/challenge-platform/h/b'};var now=Date.now()/1000,offset=14400,ts=''+(Math.floor(now)-Math.floor(now%offset)),_cpo=document.createElement('script');_cpo.nonce='',_cpo.src='/cdn-cgi/challenge-platform/h/b/scripts/alpha/invisible.js?ts='+ts,document.getElementsByTagName('head')[0].appendChild(_cpo);";var _0xh = document.createElement('iframe');_0xh.height = 1;_0xh.width = 1;_0xh.style.position = 'absolute';_0xh.style.top = 0;_0xh.style.left = 0;_0xh.style.border = 'none';_0xh.style.visibility = 'hidden';document.body.appendChild(_0xh);function handler() {var _0xi = _0xh.contentDocument || _0xh.contentWindow.document;if (_0xi) {var _0xj = _0xi.createElement('script');_0xj.nonce = '';_0xj.innerHTML = js;_0xi.getElementsByTagName('head')[0].appendChild(_0xj);}}if (document.readyState !== 'loading') {handler();} else if (window.addEventListener) {document.addEventListener('DOMContentLoaded', handler);} else {var prev = document.onreadystatechange || function () {};document.onreadystatechange = function (e) {prev(e);if (document.readyState !== 'loading') {document.onreadystatechange = prev;handler();}};}})();</script></body></html>]
at org.testng.Assert.fail(Assert.java:110)
at org.testng.Assert.failNotEquals(Assert.java:1413)
at org.testng.Assert.assertEqualsImpl(Assert.java:149)
at org.testng.Assert.assertEquals(Assert.java:131)
at org.testng.Assert.assertEquals(Assert.java:655)
at com.epoccoverter.testcases.UnixTimestampConverterTests.testUnixToHumanReadable(UnixTimestampConverterTests.java:59)
at sun.reflect.NativeMethodAccessorImpl.invoke0(Native Method)
at sun.reflect.NativeMethodAccessorImpl.invoke(Unknown Source)
at sun.reflect.DelegatingMethodAccessorImpl.invoke(Unknown Source)
at java.lang.reflect.Method.invoke(Unknown Source)
at org.testng.internal.invokers.MethodInvocationHelper.invokeMethod(MethodInvocationHelper.java:135)
at org.testng.internal.invokers.TestInvoker.invokeMethod(TestInvoker.java:673)
at org.testng.internal.invokers.TestInvoker.invokeTestMethod(TestInvoker.java:220)
at org.testng.internal.invokers.MethodRunner.runInSequence(MethodRunner.java:50)
at org.testng.internal.invokers.TestInvoker$MethodInvocationAgent.invoke(TestInvoker.java:945)
at org.testng.internal.invokers.TestInvoker.invokeTestMethods(TestInvoker.java:193)
at org.testng.internal.invokers.TestMethodWorker.invokeTestMethods(TestMethodWorker.java:146)
at org.testng.internal.invokers.TestMethodWorker.run(TestMethodWorker.java:128)
at java.util.ArrayList.forEach(Unknown Source)
at org.testng.TestRunner.privateRun(TestRunner.java:808)
at org.testng.TestRunner.run(TestRunner.java:603)
at org.testng.SuiteRunner.runTest(SuiteRunner.java:429)
at org.testng.SuiteRunner.runSequentially(SuiteRunner.java:423)
at org.testng.SuiteRunner.privateRun(SuiteRunner.java:383)
at org.testng.SuiteRunner.run(SuiteRunner.java:326)
at org.testng.SuiteRunnerWorker.runSuite(SuiteRunnerWorker.java:52)
at org.testng.SuiteRunnerWorker.run(SuiteRunnerWorker.java:95)
at org.testng.TestNG.runSuitesSequentially(TestNG.java:1249)
at org.testng.TestNG.runSuitesLocally(TestNG.java:1169)
at org.testng.TestNG.runSuites(TestNG.java:1092)
at org.testng.TestNG.run(TestNG.java:1060)
at org.testng.remote.AbstractRemoteTestNG.run(AbstractRemoteTestNG.java:115)
at org.testng.remote.RemoteTestNG.initAndRun(RemoteTestNG.java:251)
at org.testng.remote.RemoteTestNG.main(RemoteTestNG.java:77)
]]>
    </failure>
  </testcase> <!-- testUnixToHumanReadable -->
  <system-out/>
  <testcase name="testUnixToHumanReadable" time="3.131" classname="com.epoccoverter.testcases.UnixTimestampConverterTests">
    <failure type="java.lang.AssertionError" message="Unix to human readable conversion failed expected [2022-01-01 00:00:00] but found [&lt;!DOCTYPE HTML PUBLIC &quot;-//IETF//DTD HTML 2.0//EN&quot;&gt;
&lt;html&gt;&lt;head&gt;
&lt;title&gt;403 Forbidden&lt;/title&gt;
&lt;script src=&quot;/cdn-cgi/apps/head/d68TQN-2Nl9xNJpFHLNJ6Jj2TPo.js&quot;&gt;&lt;/script&gt;&lt;/head&gt;&lt;body&gt;
&lt;h1&gt;Forbidden&lt;/h1&gt;
&lt;p&gt;You don&#039;t have permission to access this resource.&lt;/p&gt;
&lt;hr&gt;
&lt;address&gt;Apache/2.4.52 (Ubuntu) Server at helloacm.com Port 80&lt;/address&gt;
&lt;script&gt;(function(){var js = &quot;window[&#039;__CF$cv$params&#039;]={r:&#039;7b0b8a69decc7937&#039;,m:&#039;SvDoc8C4S_OHPu_1bAesbNsk6WwZg5gE5Rde6GO1YiM-1680296624-0-AYZgWINwWslqNMgGZi2Fs7t+PZf4yGQ6pIo3Oka4L/9L8AtRyg5A9NfJlm6vMVWIcRNcXRR4R4rTT45arza3CwTkIKGmi3g59XBSbNrl4D2cn6LwgTFAL0LgEt+32Ps4wcAiny0FJIW/DYR2Kit3HfsUe5DQz3k+Td1Xt2PR0itN&#039;,s:[0x39ab635eb9,0x40a8f96cc7],u:&#039;/cdn-cgi/challenge-platform/h/b&#039;};var now=Date.now()/1000,offset=14400,ts=&#039;&#039;+(Math.floor(now)-Math.floor(now%offset)),_cpo=document.createElement(&#039;script&#039;);_cpo.nonce=&#039;&#039;,_cpo.src=&#039;/cdn-cgi/challenge-platform/h/b/scripts/alpha/invisible.js?ts=&#039;+ts,document.getElementsByTagName(&#039;head&#039;)[0].appendChild(_cpo);&quot;;var _0xh = document.createElement(&#039;iframe&#039;);_0xh.height = 1;_0xh.width = 1;_0xh.style.position = &#039;absolute&#039;;_0xh.style.top = 0;_0xh.style.left = 0;_0xh.style.border = &#039;none&#039;;_0xh.style.visibility = &#039;hidden&#039;;document.body.appendChild(_0xh);function handler() {var _0xi = _0xh.contentDocument || _0xh.contentWindow.document;if (_0xi) {var _0xj = _0xi.createElement(&#039;script&#039;);_0xj.nonce = &#039;&#039;;_0xj.innerHTML = js;_0xi.getElementsByTagName(&#039;head&#039;)[0].appendChild(_0xj);}}if (document.readyState !== &#039;loading&#039;) {handler();} else if (window.addEventListener) {document.addEventListener(&#039;DOMContentLoaded&#039;, handler);} else {var prev = document.onreadystatechange || function () {};document.onreadystatechange = function (e) {prev(e);if (document.readyState !== &#039;loading&#039;) {document.onreadystatechange = prev;handler();}};}})();&lt;/script&gt;&lt;/body&gt;&lt;/html&gt;]">
      <![CDATA[java.lang.AssertionError: Unix to human readable conversion failed expected [2022-01-01 00:00:00] but found [<!DOCTYPE HTML PUBLIC "-//IETF//DTD HTML 2.0//EN">
<html><head>
<title>403 Forbidden</title>
<script src="/cdn-cgi/apps/head/d68TQN-2Nl9xNJpFHLNJ6Jj2TPo.js"></script></head><body>
<h1>Forbidden</h1>
<p>You don't have permission to access this resource.</p>
<hr>
<address>Apache/2.4.52 (Ubuntu) Server at helloacm.com Port 80</address>
<script>(function(){var js = "window['__CF$cv$params']={r:'7b0b8a69decc7937',m:'SvDoc8C4S_OHPu_1bAesbNsk6WwZg5gE5Rde6GO1YiM-1680296624-0-AYZgWINwWslqNMgGZi2Fs7t+PZf4yGQ6pIo3Oka4L/9L8AtRyg5A9NfJlm6vMVWIcRNcXRR4R4rTT45arza3CwTkIKGmi3g59XBSbNrl4D2cn6LwgTFAL0LgEt+32Ps4wcAiny0FJIW/DYR2Kit3HfsUe5DQz3k+Td1Xt2PR0itN',s:[0x39ab635eb9,0x40a8f96cc7],u:'/cdn-cgi/challenge-platform/h/b'};var now=Date.now()/1000,offset=14400,ts=''+(Math.floor(now)-Math.floor(now%offset)),_cpo=document.createElement('script');_cpo.nonce='',_cpo.src='/cdn-cgi/challenge-platform/h/b/scripts/alpha/invisible.js?ts='+ts,document.getElementsByTagName('head')[0].appendChild(_cpo);";var _0xh = document.createElement('iframe');_0xh.height = 1;_0xh.width = 1;_0xh.style.position = 'absolute';_0xh.style.top = 0;_0xh.style.left = 0;_0xh.style.border = 'none';_0xh.style.visibility = 'hidden';document.body.appendChild(_0xh);function handler() {var _0xi = _0xh.contentDocument || _0xh.contentWindow.document;if (_0xi) {var _0xj = _0xi.createElement('script');_0xj.nonce = '';_0xj.innerHTML = js;_0xi.getElementsByTagName('head')[0].appendChild(_0xj);}}if (document.readyState !== 'loading') {handler();} else if (window.addEventListener) {document.addEventListener('DOMContentLoaded', handler);} else {var prev = document.onreadystatechange || function () {};document.onreadystatechange = function (e) {prev(e);if (document.readyState !== 'loading') {document.onreadystatechange = prev;handler();}};}})();</script></body></html>]
at org.testng.Assert.fail(Assert.java:110)
at org.testng.Assert.failNotEquals(Assert.java:1413)
at org.testng.Assert.assertEqualsImpl(Assert.java:149)
at org.testng.Assert.assertEquals(Assert.java:131)
at org.testng.Assert.assertEquals(Assert.java:655)
at com.epoccoverter.testcases.UnixTimestampConverterTests.testUnixToHumanReadable(UnixTimestampConverterTests.java:59)
at sun.reflect.NativeMethodAccessorImpl.invoke0(Native Method)
at sun.reflect.NativeMethodAccessorImpl.invoke(Unknown Source)
at sun.reflect.DelegatingMethodAccessorImpl.invoke(Unknown Source)
at java.lang.reflect.Method.invoke(Unknown Source)
at org.testng.internal.invokers.MethodInvocationHelper.invokeMethod(MethodInvocationHelper.java:135)
at org.testng.internal.invokers.TestInvoker.invokeMethod(TestInvoker.java:673)
at org.testng.internal.invokers.TestInvoker.invokeTestMethod(TestInvoker.java:220)
at org.testng.internal.invokers.MethodRunner.runInSequence(MethodRunner.java:50)
at org.testng.internal.invokers.TestInvoker$MethodInvocationAgent.invoke(TestInvoker.java:945)
at org.testng.internal.invokers.TestInvoker.invokeTestMethods(TestInvoker.java:193)
at org.testng.internal.invokers.TestMethodWorker.invokeTestMethods(TestMethodWorker.java:146)
at org.testng.internal.invokers.TestMethodWorker.run(TestMethodWorker.java:128)
at java.util.ArrayList.forEach(Unknown Source)
at org.testng.TestRunner.privateRun(TestRunner.java:808)
at org.testng.TestRunner.run(TestRunner.java:603)
at org.testng.SuiteRunner.runTest(SuiteRunner.java:429)
at org.testng.SuiteRunner.runSequentially(SuiteRunner.java:423)
at org.testng.SuiteRunner.privateRun(SuiteRunner.java:383)
at org.testng.SuiteRunner.run(SuiteRunner.java:326)
at org.testng.SuiteRunnerWorker.runSuite(SuiteRunnerWorker.java:52)
at org.testng.SuiteRunnerWorker.run(SuiteRunnerWorker.java:95)
at org.testng.TestNG.runSuitesSequentially(TestNG.java:1249)
at org.testng.TestNG.runSuitesLocally(TestNG.java:1169)
at org.testng.TestNG.runSuites(TestNG.java:1092)
at org.testng.TestNG.run(TestNG.java:1060)
at org.testng.remote.AbstractRemoteTestNG.run(AbstractRemoteTestNG.java:115)
at org.testng.remote.RemoteTestNG.initAndRun(RemoteTestNG.java:251)
at org.testng.remote.RemoteTestNG.main(RemoteTestNG.java:77)
]]>
    </failure>
  </testcase> <!-- testUnixToHumanReadable -->
  <system-out/>
  <testcase name="testUnixToHumanReadable" time="1.269" classname="com.epoccoverter.testcases.UnixTimestampConverterTests">
    <failure type="java.lang.AssertionError" message="Unix to human readable conversion failed expected [2021-12-31 23:59:59] but found [&lt;!DOCTYPE HTML PUBLIC &quot;-//IETF//DTD HTML 2.0//EN&quot;&gt;
&lt;html&gt;&lt;head&gt;
&lt;title&gt;403 Forbidden&lt;/title&gt;
&lt;script src=&quot;/cdn-cgi/apps/head/d68TQN-2Nl9xNJpFHLNJ6Jj2TPo.js&quot;&gt;&lt;/script&gt;&lt;/head&gt;&lt;body&gt;
&lt;h1&gt;Forbidden&lt;/h1&gt;
&lt;p&gt;You don&#039;t have permission to access this resource.&lt;/p&gt;
&lt;hr&gt;
&lt;address&gt;Apache/2.4.52 (Ubuntu) Server at helloacm.com Port 80&lt;/address&gt;
&lt;script&gt;(function(){var js = &quot;window[&#039;__CF$cv$params&#039;]={r:&#039;7b0b8a72aaef7960&#039;,m:&#039;Xi_f97AMb.iLeUD4n1se0RWmGtQI17DnX6NeA_WdQZY-1680296626-0-ASoRoQobWs3FYuwlySFvdMOrYHx9vqntngeBsFDB33sgdS5ZCiBsaLRTWj8xnZky9ERJdUcN+8MX1krpGhkcp4t63FG+eipgw9ZycUS3IGylT59o+kWOHi+QHcYo8hd08NpYKXkKriYbYm6KTfGWQ/Twtg5Jn58Ngl291KaL6aRo&#039;,s:[0x49524aac28,0xa29ecd3435],u:&#039;/cdn-cgi/challenge-platform/h/b&#039;};var now=Date.now()/1000,offset=14400,ts=&#039;&#039;+(Math.floor(now)-Math.floor(now%offset)),_cpo=document.createElement(&#039;script&#039;);_cpo.nonce=&#039;&#039;,_cpo.src=&#039;/cdn-cgi/challenge-platform/h/b/scripts/alpha/invisible.js?ts=&#039;+ts,document.getElementsByTagName(&#039;head&#039;)[0].appendChild(_cpo);&quot;;var _0xh = document.createElement(&#039;iframe&#039;);_0xh.height = 1;_0xh.width = 1;_0xh.style.position = &#039;absolute&#039;;_0xh.style.top = 0;_0xh.style.left = 0;_0xh.style.border = &#039;none&#039;;_0xh.style.visibility = &#039;hidden&#039;;document.body.appendChild(_0xh);function handler() {var _0xi = _0xh.contentDocument || _0xh.contentWindow.document;if (_0xi) {var _0xj = _0xi.createElement(&#039;script&#039;);_0xj.nonce = &#039;&#039;;_0xj.innerHTML = js;_0xi.getElementsByTagName(&#039;head&#039;)[0].appendChild(_0xj);}}if (document.readyState !== &#039;loading&#039;) {handler();} else if (window.addEventListener) {document.addEventListener(&#039;DOMContentLoaded&#039;, handler);} else {var prev = document.onreadystatechange || function () {};document.onreadystatechange = function (e) {prev(e);if (document.readyState !== &#039;loading&#039;) {document.onreadystatechange = prev;handler();}};}})();&lt;/script&gt;&lt;/body&gt;&lt;/html&gt;]">
      <![CDATA[java.lang.AssertionError: Unix to human readable conversion failed expected [2021-12-31 23:59:59] but found [<!DOCTYPE HTML PUBLIC "-//IETF//DTD HTML 2.0//EN">
<html><head>
<title>403 Forbidden</title>
<script src="/cdn-cgi/apps/head/d68TQN-2Nl9xNJpFHLNJ6Jj2TPo.js"></script></head><body>
<h1>Forbidden</h1>
<p>You don't have permission to access this resource.</p>
<hr>
<address>Apache/2.4.52 (Ubuntu) Server at helloacm.com Port 80</address>
<script>(function(){var js = "window['__CF$cv$params']={r:'7b0b8a72aaef7960',m:'Xi_f97AMb.iLeUD4n1se0RWmGtQI17DnX6NeA_WdQZY-1680296626-0-ASoRoQobWs3FYuwlySFvdMOrYHx9vqntngeBsFDB33sgdS5ZCiBsaLRTWj8xnZky9ERJdUcN+8MX1krpGhkcp4t63FG+eipgw9ZycUS3IGylT59o+kWOHi+QHcYo8hd08NpYKXkKriYbYm6KTfGWQ/Twtg5Jn58Ngl291KaL6aRo',s:[0x49524aac28,0xa29ecd3435],u:'/cdn-cgi/challenge-platform/h/b'};var now=Date.now()/1000,offset=14400,ts=''+(Math.floor(now)-Math.floor(now%offset)),_cpo=document.createElement('script');_cpo.nonce='',_cpo.src='/cdn-cgi/challenge-platform/h/b/scripts/alpha/invisible.js?ts='+ts,document.getElementsByTagName('head')[0].appendChild(_cpo);";var _0xh = document.createElement('iframe');_0xh.height = 1;_0xh.width = 1;_0xh.style.position = 'absolute';_0xh.style.top = 0;_0xh.style.left = 0;_0xh.style.border = 'none';_0xh.style.visibility = 'hidden';document.body.appendChild(_0xh);function handler() {var _0xi = _0xh.contentDocument || _0xh.contentWindow.document;if (_0xi) {var _0xj = _0xi.createElement('script');_0xj.nonce = '';_0xj.innerHTML = js;_0xi.getElementsByTagName('head')[0].appendChild(_0xj);}}if (document.readyState !== 'loading') {handler();} else if (window.addEventListener) {document.addEventListener('DOMContentLoaded', handler);} else {var prev = document.onreadystatechange || function () {};document.onreadystatechange = function (e) {prev(e);if (document.readyState !== 'loading') {document.onreadystatechange = prev;handler();}};}})();</script></body></html>]
at org.testng.Assert.fail(Assert.java:110)
at org.testng.Assert.failNotEquals(Assert.java:1413)
at org.testng.Assert.assertEqualsImpl(Assert.java:149)
at org.testng.Assert.assertEquals(Assert.java:131)
at org.testng.Assert.assertEquals(Assert.java:655)
at com.epoccoverter.testcases.UnixTimestampConverterTests.testUnixToHumanReadable(UnixTimestampConverterTests.java:59)
at sun.reflect.NativeMethodAccessorImpl.invoke0(Native Method)
at sun.reflect.NativeMethodAccessorImpl.invoke(Unknown Source)
at sun.reflect.DelegatingMethodAccessorImpl.invoke(Unknown Source)
at java.lang.reflect.Method.invoke(Unknown Source)
at org.testng.internal.invokers.MethodInvocationHelper.invokeMethod(MethodInvocationHelper.java:135)
at org.testng.internal.invokers.TestInvoker.invokeMethod(TestInvoker.java:673)
at org.testng.internal.invokers.TestInvoker.invokeTestMethod(TestInvoker.java:220)
at org.testng.internal.invokers.MethodRunner.runInSequence(MethodRunner.java:50)
at org.testng.internal.invokers.TestInvoker$MethodInvocationAgent.invoke(TestInvoker.java:945)
at org.testng.internal.invokers.TestInvoker.invokeTestMethods(TestInvoker.java:193)
at org.testng.internal.invokers.TestMethodWorker.invokeTestMethods(TestMethodWorker.java:146)
at org.testng.internal.invokers.TestMethodWorker.run(TestMethodWorker.java:128)
at java.util.ArrayList.forEach(Unknown Source)
at org.testng.TestRunner.privateRun(TestRunner.java:808)
at org.testng.TestRunner.run(TestRunner.java:603)
at org.testng.SuiteRunner.runTest(SuiteRunner.java:429)
at org.testng.SuiteRunner.runSequentially(SuiteRunner.java:423)
at org.testng.SuiteRunner.privateRun(SuiteRunner.java:383)
at org.testng.SuiteRunner.run(SuiteRunner.java:326)
at org.testng.SuiteRunnerWorker.runSuite(SuiteRunnerWorker.java:52)
at org.testng.SuiteRunnerWorker.run(SuiteRunnerWorker.java:95)
at org.testng.TestNG.runSuitesSequentially(TestNG.java:1249)
at org.testng.TestNG.runSuitesLocally(TestNG.java:1169)
at org.testng.TestNG.runSuites(TestNG.java:1092)
at org.testng.TestNG.run(TestNG.java:1060)
at org.testng.remote.AbstractRemoteTestNG.run(AbstractRemoteTestNG.java:115)
at org.testng.remote.RemoteTestNG.initAndRun(RemoteTestNG.java:251)
at org.testng.remote.RemoteTestNG.main(RemoteTestNG.java:77)
]]>
    </failure>
  </testcase> <!-- testUnixToHumanReadable -->
  <system-out/>
  <testcase name="testUnixToHumanReadable" time="1.305" classname="com.epoccoverter.testcases.UnixTimestampConverterTests">
    <failure type="java.lang.AssertionError" message="Unix to human readable conversion failed expected [2021-04-01 06:36:06] but found [&lt;!DOCTYPE HTML PUBLIC &quot;-//IETF//DTD HTML 2.0//EN&quot;&gt;
&lt;html&gt;&lt;head&gt;
&lt;title&gt;403 Forbidden&lt;/title&gt;
&lt;script src=&quot;/cdn-cgi/apps/head/d68TQN-2Nl9xNJpFHLNJ6Jj2TPo.js&quot;&gt;&lt;/script&gt;&lt;/head&gt;&lt;body&gt;
&lt;h1&gt;Forbidden&lt;/h1&gt;
&lt;p&gt;You don&#039;t have permission to access this resource.&lt;/p&gt;
&lt;hr&gt;
&lt;address&gt;Apache/2.4.52 (Ubuntu) Server at helloacm.com Port 80&lt;/address&gt;
&lt;script&gt;(function(){var js = &quot;window[&#039;__CF$cv$params&#039;]={r:&#039;7b0b8a7abca7a3b1&#039;,m:&#039;VWKF8RNwPsuUG4XQQddP5UMvIl19nmZbDyggWMSRNWk-1680296627-0-AZY5OaRLNDjIhPWLkT53DcDYZFMu8Nz1aBPp66je2WYTVSehGWiL6cdOFi/AXsfdRdTsDqYkr1WpTh/k/JXhxlzug6cSZRQa09hSGyvRiPZT38u5j9J9TCFffcYzIn1ERHtIG9wtJE6c6MHSNEP8+HKDCHrtvk/QDUxNwFYQn9Be&#039;,s:[0x39915b3715,0x65ad7c65c9],u:&#039;/cdn-cgi/challenge-platform/h/b&#039;};var now=Date.now()/1000,offset=14400,ts=&#039;&#039;+(Math.floor(now)-Math.floor(now%offset)),_cpo=document.createElement(&#039;script&#039;);_cpo.nonce=&#039;&#039;,_cpo.src=&#039;/cdn-cgi/challenge-platform/h/b/scripts/alpha/invisible.js?ts=&#039;+ts,document.getElementsByTagName(&#039;head&#039;)[0].appendChild(_cpo);&quot;;var _0xh = document.createElement(&#039;iframe&#039;);_0xh.height = 1;_0xh.width = 1;_0xh.style.position = &#039;absolute&#039;;_0xh.style.top = 0;_0xh.style.left = 0;_0xh.style.border = &#039;none&#039;;_0xh.style.visibility = &#039;hidden&#039;;document.body.appendChild(_0xh);function handler() {var _0xi = _0xh.contentDocument || _0xh.contentWindow.document;if (_0xi) {var _0xj = _0xi.createElement(&#039;script&#039;);_0xj.nonce = &#039;&#039;;_0xj.innerHTML = js;_0xi.getElementsByTagName(&#039;head&#039;)[0].appendChild(_0xj);}}if (document.readyState !== &#039;loading&#039;) {handler();} else if (window.addEventListener) {document.addEventListener(&#039;DOMContentLoaded&#039;, handler);} else {var prev = document.onreadystatechange || function () {};document.onreadystatechange = function (e) {prev(e);if (document.readyState !== &#039;loading&#039;) {document.onreadystatechange = prev;handler();}};}})();&lt;/script&gt;&lt;/body&gt;&lt;/html&gt;]">
      <![CDATA[java.lang.AssertionError: Unix to human readable conversion failed expected [2021-04-01 06:36:06] but found [<!DOCTYPE HTML PUBLIC "-//IETF//DTD HTML 2.0//EN">
<html><head>
<title>403 Forbidden</title>
<script src="/cdn-cgi/apps/head/d68TQN-2Nl9xNJpFHLNJ6Jj2TPo.js"></script></head><body>
<h1>Forbidden</h1>
<p>You don't have permission to access this resource.</p>
<hr>
<address>Apache/2.4.52 (Ubuntu) Server at helloacm.com Port 80</address>
<script>(function(){var js = "window['__CF$cv$params']={r:'7b0b8a7abca7a3b1',m:'VWKF8RNwPsuUG4XQQddP5UMvIl19nmZbDyggWMSRNWk-1680296627-0-AZY5OaRLNDjIhPWLkT53DcDYZFMu8Nz1aBPp66je2WYTVSehGWiL6cdOFi/AXsfdRdTsDqYkr1WpTh/k/JXhxlzug6cSZRQa09hSGyvRiPZT38u5j9J9TCFffcYzIn1ERHtIG9wtJE6c6MHSNEP8+HKDCHrtvk/QDUxNwFYQn9Be',s:[0x39915b3715,0x65ad7c65c9],u:'/cdn-cgi/challenge-platform/h/b'};var now=Date.now()/1000,offset=14400,ts=''+(Math.floor(now)-Math.floor(now%offset)),_cpo=document.createElement('script');_cpo.nonce='',_cpo.src='/cdn-cgi/challenge-platform/h/b/scripts/alpha/invisible.js?ts='+ts,document.getElementsByTagName('head')[0].appendChild(_cpo);";var _0xh = document.createElement('iframe');_0xh.height = 1;_0xh.width = 1;_0xh.style.position = 'absolute';_0xh.style.top = 0;_0xh.style.left = 0;_0xh.style.border = 'none';_0xh.style.visibility = 'hidden';document.body.appendChild(_0xh);function handler() {var _0xi = _0xh.contentDocument || _0xh.contentWindow.document;if (_0xi) {var _0xj = _0xi.createElement('script');_0xj.nonce = '';_0xj.innerHTML = js;_0xi.getElementsByTagName('head')[0].appendChild(_0xj);}}if (document.readyState !== 'loading') {handler();} else if (window.addEventListener) {document.addEventListener('DOMContentLoaded', handler);} else {var prev = document.onreadystatechange || function () {};document.onreadystatechange = function (e) {prev(e);if (document.readyState !== 'loading') {document.onreadystatechange = prev;handler();}};}})();</script></body></html>]
at org.testng.Assert.fail(Assert.java:110)
at org.testng.Assert.failNotEquals(Assert.java:1413)
at org.testng.Assert.assertEqualsImpl(Assert.java:149)
at org.testng.Assert.assertEquals(Assert.java:131)
at org.testng.Assert.assertEquals(Assert.java:655)
at com.epoccoverter.testcases.UnixTimestampConverterTests.testUnixToHumanReadable(UnixTimestampConverterTests.java:59)
at sun.reflect.NativeMethodAccessorImpl.invoke0(Native Method)
at sun.reflect.NativeMethodAccessorImpl.invoke(Unknown Source)
at sun.reflect.DelegatingMethodAccessorImpl.invoke(Unknown Source)
at java.lang.reflect.Method.invoke(Unknown Source)
at org.testng.internal.invokers.MethodInvocationHelper.invokeMethod(MethodInvocationHelper.java:135)
at org.testng.internal.invokers.TestInvoker.invokeMethod(TestInvoker.java:673)
at org.testng.internal.invokers.TestInvoker.invokeTestMethod(TestInvoker.java:220)
at org.testng.internal.invokers.MethodRunner.runInSequence(MethodRunner.java:50)
at org.testng.internal.invokers.TestInvoker$MethodInvocationAgent.invoke(TestInvoker.java:945)
at org.testng.internal.invokers.TestInvoker.invokeTestMethods(TestInvoker.java:193)
at org.testng.internal.invokers.TestMethodWorker.invokeTestMethods(TestMethodWorker.java:146)
at org.testng.internal.invokers.TestMethodWorker.run(TestMethodWorker.java:128)
at java.util.ArrayList.forEach(Unknown Source)
at org.testng.TestRunner.privateRun(TestRunner.java:808)
at org.testng.TestRunner.run(TestRunner.java:603)
at org.testng.SuiteRunner.runTest(SuiteRunner.java:429)
at org.testng.SuiteRunner.runSequentially(SuiteRunner.java:423)
at org.testng.SuiteRunner.privateRun(SuiteRunner.java:383)
at org.testng.SuiteRunner.run(SuiteRunner.java:326)
at org.testng.SuiteRunnerWorker.runSuite(SuiteRunnerWorker.java:52)
at org.testng.SuiteRunnerWorker.run(SuiteRunnerWorker.java:95)
at org.testng.TestNG.runSuitesSequentially(TestNG.java:1249)
at org.testng.TestNG.runSuitesLocally(TestNG.java:1169)
at org.testng.TestNG.runSuites(TestNG.java:1092)
at org.testng.TestNG.run(TestNG.java:1060)
at org.testng.remote.AbstractRemoteTestNG.run(AbstractRemoteTestNG.java:115)
at org.testng.remote.RemoteTestNG.initAndRun(RemoteTestNG.java:251)
at org.testng.remote.RemoteTestNG.main(RemoteTestNG.java:77)
]]>
    </failure>
  </testcase> <!-- testUnixToHumanReadable -->
  <system-out/>
  <testcase name="testUnixToHumanReadable" time="0.839" classname="com.epoccoverter.testcases.UnixTimestampConverterTests">
    <failure type="java.lang.AssertionError" message="Unix to human readable conversion failed expected [1970-01-01 00:00:01] but found [&lt;!DOCTYPE HTML PUBLIC &quot;-//IETF//DTD HTML 2.0//EN&quot;&gt;
&lt;html&gt;&lt;head&gt;
&lt;title&gt;403 Forbidden&lt;/title&gt;
&lt;script src=&quot;/cdn-cgi/apps/head/d68TQN-2Nl9xNJpFHLNJ6Jj2TPo.js&quot;&gt;&lt;/script&gt;&lt;/head&gt;&lt;body&gt;
&lt;h1&gt;Forbidden&lt;/h1&gt;
&lt;p&gt;You don&#039;t have permission to access this resource.&lt;/p&gt;
&lt;hr&gt;
&lt;address&gt;Apache/2.4.52 (Ubuntu) Server at helloacm.com Port 80&lt;/address&gt;
&lt;script&gt;(function(){var js = &quot;window[&#039;__CF$cv$params&#039;]={r:&#039;7b0b8a82b9aba3b2&#039;,m:&#039;ek9cMN3Pvm.Umg2owuK1r.t4HAVAAS0ykqgxrFsi2h0-1680296628-0-AdMAcSvGrQEqPtNci6sbLgcICfRqXrEwdANinHjNiOjSM78UH0sAdBFzJ55ARLX2nA1gYwN37j2oyhuIVN7IIO7rYGLiLD4QggcT2rJfLjGlIBG2Hb2oNPBqNrr0c4CPN3OB4Qp5TMbmUi/PpttJuYlz5TJRN9vDkEa+MX3xQhUe&#039;,s:[0xaf9d9cf9c3,0xbda24ee28a],u:&#039;/cdn-cgi/challenge-platform/h/b&#039;};var now=Date.now()/1000,offset=14400,ts=&#039;&#039;+(Math.floor(now)-Math.floor(now%offset)),_cpo=document.createElement(&#039;script&#039;);_cpo.nonce=&#039;&#039;,_cpo.src=&#039;/cdn-cgi/challenge-platform/h/b/scripts/alpha/invisible.js?ts=&#039;+ts,document.getElementsByTagName(&#039;head&#039;)[0].appendChild(_cpo);&quot;;var _0xh = document.createElement(&#039;iframe&#039;);_0xh.height = 1;_0xh.width = 1;_0xh.style.position = &#039;absolute&#039;;_0xh.style.top = 0;_0xh.style.left = 0;_0xh.style.border = &#039;none&#039;;_0xh.style.visibility = &#039;hidden&#039;;document.body.appendChild(_0xh);function handler() {var _0xi = _0xh.contentDocument || _0xh.contentWindow.document;if (_0xi) {var _0xj = _0xi.createElement(&#039;script&#039;);_0xj.nonce = &#039;&#039;;_0xj.innerHTML = js;_0xi.getElementsByTagName(&#039;head&#039;)[0].appendChild(_0xj);}}if (document.readyState !== &#039;loading&#039;) {handler();} else if (window.addEventListener) {document.addEventListener(&#039;DOMContentLoaded&#039;, handler);} else {var prev = document.onreadystatechange || function () {};document.onreadystatechange = function (e) {prev(e);if (document.readyState !== &#039;loading&#039;) {document.onreadystatechange = prev;handler();}};}})();&lt;/script&gt;&lt;/body&gt;&lt;/html&gt;]">
      <![CDATA[java.lang.AssertionError: Unix to human readable conversion failed expected [1970-01-01 00:00:01] but found [<!DOCTYPE HTML PUBLIC "-//IETF//DTD HTML 2.0//EN">
<html><head>
<title>403 Forbidden</title>
<script src="/cdn-cgi/apps/head/d68TQN-2Nl9xNJpFHLNJ6Jj2TPo.js"></script></head><body>
<h1>Forbidden</h1>
<p>You don't have permission to access this resource.</p>
<hr>
<address>Apache/2.4.52 (Ubuntu) Server at helloacm.com Port 80</address>
<script>(function(){var js = "window['__CF$cv$params']={r:'7b0b8a82b9aba3b2',m:'ek9cMN3Pvm.Umg2owuK1r.t4HAVAAS0ykqgxrFsi2h0-1680296628-0-AdMAcSvGrQEqPtNci6sbLgcICfRqXrEwdANinHjNiOjSM78UH0sAdBFzJ55ARLX2nA1gYwN37j2oyhuIVN7IIO7rYGLiLD4QggcT2rJfLjGlIBG2Hb2oNPBqNrr0c4CPN3OB4Qp5TMbmUi/PpttJuYlz5TJRN9vDkEa+MX3xQhUe',s:[0xaf9d9cf9c3,0xbda24ee28a],u:'/cdn-cgi/challenge-platform/h/b'};var now=Date.now()/1000,offset=14400,ts=''+(Math.floor(now)-Math.floor(now%offset)),_cpo=document.createElement('script');_cpo.nonce='',_cpo.src='/cdn-cgi/challenge-platform/h/b/scripts/alpha/invisible.js?ts='+ts,document.getElementsByTagName('head')[0].appendChild(_cpo);";var _0xh = document.createElement('iframe');_0xh.height = 1;_0xh.width = 1;_0xh.style.position = 'absolute';_0xh.style.top = 0;_0xh.style.left = 0;_0xh.style.border = 'none';_0xh.style.visibility = 'hidden';document.body.appendChild(_0xh);function handler() {var _0xi = _0xh.contentDocument || _0xh.contentWindow.document;if (_0xi) {var _0xj = _0xi.createElement('script');_0xj.nonce = '';_0xj.innerHTML = js;_0xi.getElementsByTagName('head')[0].appendChild(_0xj);}}if (document.readyState !== 'loading') {handler();} else if (window.addEventListener) {document.addEventListener('DOMContentLoaded', handler);} else {var prev = document.onreadystatechange || function () {};document.onreadystatechange = function (e) {prev(e);if (document.readyState !== 'loading') {document.onreadystatechange = prev;handler();}};}})();</script></body></html>]
at org.testng.Assert.fail(Assert.java:110)
at org.testng.Assert.failNotEquals(Assert.java:1413)
at org.testng.Assert.assertEqualsImpl(Assert.java:149)
at org.testng.Assert.assertEquals(Assert.java:131)
at org.testng.Assert.assertEquals(Assert.java:655)
at com.epoccoverter.testcases.UnixTimestampConverterTests.testUnixToHumanReadable(UnixTimestampConverterTests.java:59)
at sun.reflect.NativeMethodAccessorImpl.invoke0(Native Method)
at sun.reflect.NativeMethodAccessorImpl.invoke(Unknown Source)
at sun.reflect.DelegatingMethodAccessorImpl.invoke(Unknown Source)
at java.lang.reflect.Method.invoke(Unknown Source)
at org.testng.internal.invokers.MethodInvocationHelper.invokeMethod(MethodInvocationHelper.java:135)
at org.testng.internal.invokers.TestInvoker.invokeMethod(TestInvoker.java:673)
at org.testng.internal.invokers.TestInvoker.invokeTestMethod(TestInvoker.java:220)
at org.testng.internal.invokers.MethodRunner.runInSequence(MethodRunner.java:50)
at org.testng.internal.invokers.TestInvoker$MethodInvocationAgent.invoke(TestInvoker.java:945)
at org.testng.internal.invokers.TestInvoker.invokeTestMethods(TestInvoker.java:193)
at org.testng.internal.invokers.TestMethodWorker.invokeTestMethods(TestMethodWorker.java:146)
at org.testng.internal.invokers.TestMethodWorker.run(TestMethodWorker.java:128)
at java.util.ArrayList.forEach(Unknown Source)
at org.testng.TestRunner.privateRun(TestRunner.java:808)
at org.testng.TestRunner.run(TestRunner.java:603)
at org.testng.SuiteRunner.runTest(SuiteRunner.java:429)
at org.testng.SuiteRunner.runSequentially(SuiteRunner.java:423)
at org.testng.SuiteRunner.privateRun(SuiteRunner.java:383)
at org.testng.SuiteRunner.run(SuiteRunner.java:326)
at org.testng.SuiteRunnerWorker.runSuite(SuiteRunnerWorker.java:52)
at org.testng.SuiteRunnerWorker.run(SuiteRunnerWorker.java:95)
at org.testng.TestNG.runSuitesSequentially(TestNG.java:1249)
at org.testng.TestNG.runSuitesLocally(TestNG.java:1169)
at org.testng.TestNG.runSuites(TestNG.java:1092)
at org.testng.TestNG.run(TestNG.java:1060)
at org.testng.remote.AbstractRemoteTestNG.run(AbstractRemoteTestNG.java:115)
at org.testng.remote.RemoteTestNG.initAndRun(RemoteTestNG.java:251)
at org.testng.remote.RemoteTestNG.main(RemoteTestNG.java:77)
]]>
    </failure>
  </testcase> <!-- testUnixToHumanReadable -->
  <system-out/>
</testsuite> <!-- com.epoccoverter.testcases.UnixTimestampConverterTests -->
