<?xml version="1.0" encoding="UTF-8"?>
<!-- Generated by org.testng.reporters.JUnitReportReporter -->
<testsuite skipped="0" hostname="Anu-pc" name="com.epoccoverter.testcases.TC2_Getrequest" tests="7" failures="2" timestamp="2023-04-08T20:40:20 IST" time="7.718" errors="0">
  <testcase name="testcase3_get" time="1.439" classname="com.epoccoverter.testcases.TC2_Getrequest"/>
  <system-out/>
  <testcase name="testcase5_get" time="0.328" classname="com.epoccoverter.testcases.TC2_Getrequest"/>
  <system-out/>
  <testcase name="testcase4_get" time="1.432" classname="com.epoccoverter.testcases.TC2_Getrequest">
    <failure type="java.lang.AssertionError" message="expected [false] but found [&lt;!DOCTYPE HTML PUBLIC &quot;-//IETF//DTD HTML 2.0//EN&quot;&gt;
&lt;html&gt;&lt;head&gt;
&lt;title&gt;403 Forbidden&lt;/title&gt;
&lt;script src=&quot;/cdn-cgi/apps/head/d68TQN-2Nl9xNJpFHLNJ6Jj2TPo.js&quot;&gt;&lt;/script&gt;&lt;/head&gt;&lt;body&gt;
&lt;h1&gt;Forbidden&lt;/h1&gt;
&lt;p&gt;You don&#039;t have permission to access this resource.&lt;/p&gt;
&lt;hr&gt;
&lt;address&gt;Apache/2.4.52 (Ubuntu) Server at helloacm.com Port 80&lt;/address&gt;
&lt;script&gt;(function(){var js = &quot;window[&#039;__CF$cv$params&#039;]={r:&#039;7b4b6f196c617943&#039;,m:&#039;0bwwM9UqjE2b6jHDlLyZRbrejPNsnFZfc.7TzG8Hsko-1680966594-0-AVHUZIXWSNkuiIjNs3fWJ/Kk+Bq7s3fWXztfGZLhcDHBqYye5aoFqoL98HKESyUlhCruPUY9B8yr5TcoYxvPd1ryhlyVSb82gnZ/YTOUpitSW4tFDjyJ/W28jk9FnK4+EMHdE4fwxZEYZ2GK86SzdfyIxo08QCf0dxaRnCK7US7F&#039;,s:[0x1304b68032,0x66f9af39f2],u:&#039;/cdn-cgi/challenge-platform/h/b&#039;};var now=Date.now()/1000,offset=14400,ts=&#039;&#039;+(Math.floor(now)-Math.floor(now%offset)),_cpo=document.createElement(&#039;script&#039;);_cpo.nonce=&#039;&#039;,_cpo.src=&#039;/cdn-cgi/challenge-platform/h/b/scripts/alpha/invisible.js?ts=&#039;+ts,document.getElementsByTagName(&#039;head&#039;)[0].appendChild(_cpo);&quot;;var _0xh = document.createElement(&#039;iframe&#039;);_0xh.height = 1;_0xh.width = 1;_0xh.style.position = &#039;absolute&#039;;_0xh.style.top = 0;_0xh.style.left = 0;_0xh.style.border = &#039;none&#039;;_0xh.style.visibility = &#039;hidden&#039;;document.body.appendChild(_0xh);function handler() {var _0xi = _0xh.contentDocument || _0xh.contentWindow.document;if (_0xi) {var _0xj = _0xi.createElement(&#039;script&#039;);_0xj.nonce = &#039;&#039;;_0xj.innerHTML = js;_0xi.getElementsByTagName(&#039;head&#039;)[0].appendChild(_0xj);}}if (document.readyState !== &#039;loading&#039;) {handler();} else if (window.addEventListener) {document.addEventListener(&#039;DOMContentLoaded&#039;, handler);} else {var prev = document.onreadystatechange || function () {};document.onreadystatechange = function (e) {prev(e);if (document.readyState !== &#039;loading&#039;) {document.onreadystatechange = prev;handler();}};}})();&lt;/script&gt;&lt;/body&gt;&lt;/html&gt;
]">
      <![CDATA[java.lang.AssertionError: expected [false] but found [<!DOCTYPE HTML PUBLIC "-//IETF//DTD HTML 2.0//EN">
<html><head>
<title>403 Forbidden</title>
<script src="/cdn-cgi/apps/head/d68TQN-2Nl9xNJpFHLNJ6Jj2TPo.js"></script></head><body>
<h1>Forbidden</h1>
<p>You don't have permission to access this resource.</p>
<hr>
<address>Apache/2.4.52 (Ubuntu) Server at helloacm.com Port 80</address>
<script>(function(){var js = "window['__CF$cv$params']={r:'7b4b6f196c617943',m:'0bwwM9UqjE2b6jHDlLyZRbrejPNsnFZfc.7TzG8Hsko-1680966594-0-AVHUZIXWSNkuiIjNs3fWJ/Kk+Bq7s3fWXztfGZLhcDHBqYye5aoFqoL98HKESyUlhCruPUY9B8yr5TcoYxvPd1ryhlyVSb82gnZ/YTOUpitSW4tFDjyJ/W28jk9FnK4+EMHdE4fwxZEYZ2GK86SzdfyIxo08QCf0dxaRnCK7US7F',s:[0x1304b68032,0x66f9af39f2],u:'/cdn-cgi/challenge-platform/h/b'};var now=Date.now()/1000,offset=14400,ts=''+(Math.floor(now)-Math.floor(now%offset)),_cpo=document.createElement('script');_cpo.nonce='',_cpo.src='/cdn-cgi/challenge-platform/h/b/scripts/alpha/invisible.js?ts='+ts,document.getElementsByTagName('head')[0].appendChild(_cpo);";var _0xh = document.createElement('iframe');_0xh.height = 1;_0xh.width = 1;_0xh.style.position = 'absolute';_0xh.style.top = 0;_0xh.style.left = 0;_0xh.style.border = 'none';_0xh.style.visibility = 'hidden';document.body.appendChild(_0xh);function handler() {var _0xi = _0xh.contentDocument || _0xh.contentWindow.document;if (_0xi) {var _0xj = _0xi.createElement('script');_0xj.nonce = '';_0xj.innerHTML = js;_0xi.getElementsByTagName('head')[0].appendChild(_0xj);}}if (document.readyState !== 'loading') {handler();} else if (window.addEventListener) {document.addEventListener('DOMContentLoaded', handler);} else {var prev = document.onreadystatechange || function () {};document.onreadystatechange = function (e) {prev(e);if (document.readyState !== 'loading') {document.onreadystatechange = prev;handler();}};}})();</script></body></html>
]
at org.testng.Assert.fail(Assert.java:110)
at org.testng.Assert.failNotEquals(Assert.java:1413)
at org.testng.Assert.assertEqualsImpl(Assert.java:149)
at org.testng.Assert.assertEquals(Assert.java:131)
at org.testng.Assert.assertEquals(Assert.java:655)
at org.testng.Assert.assertEquals(Assert.java:665)
at com.epoccoverter.testcases.TC2_Getrequest.testcase4_get(TC2_Getrequest.java:107)
at sun.reflect.NativeMethodAccessorImpl.invoke0(Native Method)
at sun.reflect.NativeMethodAccessorImpl.invoke(Unknown Source)
at sun.reflect.DelegatingMethodAccessorImpl.invoke(Unknown Source)
at java.lang.reflect.Method.invoke(Unknown Source)
at org.testng.internal.invokers.MethodInvocationHelper.invokeMethod(MethodInvocationHelper.java:135)
at org.testng.internal.invokers.TestInvoker.invokeMethod(TestInvoker.java:673)
at org.testng.internal.invokers.TestInvoker.invokeTestMethod(TestInvoker.java:220)
at org.testng.internal.invokers.MethodRunner.runInSequence(MethodRunner.java:50)
at org.testng.internal.invokers.TestInvoker$MethodInvocationAgent.invoke(TestInvoker.java:945)
at org.testng.internal.invokers.TestInvoker.invokeTestMethods(TestInvoker.java:193)
at org.testng.internal.invokers.TestMethodWorker.invokeTestMethods(TestMethodWorker.java:146)
at org.testng.internal.invokers.TestMethodWorker.run(TestMethodWorker.java:128)
at java.util.ArrayList.forEach(Unknown Source)
at org.testng.TestRunner.privateRun(TestRunner.java:808)
at org.testng.TestRunner.run(TestRunner.java:603)
at org.testng.SuiteRunner.runTest(SuiteRunner.java:429)
at org.testng.SuiteRunner.runSequentially(SuiteRunner.java:423)
at org.testng.SuiteRunner.privateRun(SuiteRunner.java:383)
at org.testng.SuiteRunner.run(SuiteRunner.java:326)
at org.testng.SuiteRunnerWorker.runSuite(SuiteRunnerWorker.java:52)
at org.testng.SuiteRunnerWorker.run(SuiteRunnerWorker.java:95)
at org.testng.TestNG.runSuitesSequentially(TestNG.java:1249)
at org.testng.TestNG.runSuitesLocally(TestNG.java:1169)
at org.testng.TestNG.runSuites(TestNG.java:1092)
at org.testng.TestNG.run(TestNG.java:1060)
at org.apache.maven.surefire.testng.TestNGExecutor.run(TestNGExecutor.java:324)
at org.apache.maven.surefire.testng.TestNGXmlTestSuite.execute(TestNGXmlTestSuite.java:74)
at org.apache.maven.surefire.testng.TestNGProvider.invoke(TestNGProvider.java:123)
at org.apache.maven.surefire.booter.ForkedBooter.runSuitesInProcess(ForkedBooter.java:456)
at org.apache.maven.surefire.booter.ForkedBooter.execute(ForkedBooter.java:169)
at org.apache.maven.surefire.booter.ForkedBooter.run(ForkedBooter.java:595)
at org.apache.maven.surefire.booter.ForkedBooter.main(ForkedBooter.java:581)
]]>
    </failure>
  </testcase> <!-- testcase4_get -->
  <system-out/>
  <testcase name="testcase6_get" time="0.490" classname="com.epoccoverter.testcases.TC2_Getrequest"/>
  <system-out/>
  <testcase name="testcase2_invalidtimestamp" time="1.359" classname="com.epoccoverter.testcases.TC2_Getrequest">
    <failure type="java.lang.AssertionError" message="expected [false] but found [&lt;!DOCTYPE HTML PUBLIC &quot;-//IETF//DTD HTML 2.0//EN&quot;&gt;
&lt;html&gt;&lt;head&gt;
&lt;title&gt;403 Forbidden&lt;/title&gt;
&lt;script src=&quot;/cdn-cgi/apps/head/d68TQN-2Nl9xNJpFHLNJ6Jj2TPo.js&quot;&gt;&lt;/script&gt;&lt;/head&gt;&lt;body&gt;
&lt;h1&gt;Forbidden&lt;/h1&gt;
&lt;p&gt;You don&#039;t have permission to access this resource.&lt;/p&gt;
&lt;hr&gt;
&lt;address&gt;Apache/2.4.52 (Ubuntu) Server at helloacm.com Port 80&lt;/address&gt;
&lt;script&gt;(function(){var js = &quot;window[&#039;__CF$cv$params&#039;]={r:&#039;7b4b6f07feb9794a&#039;,m:&#039;7Xv7U_.yCIv53mg3you0z0hxVPu5Whr8pkJYZ1vYQVg-1680966591-0-Ae5AzRuHY8+kkg0KLrFogoJZwEiug75ZyDCfM9nk8sz7y9uST0rqfmibETFlYVLTszrDD5hLbuAO1Wvr92hBn/f6FiyoCROo7KdFqi8uA+DOCbia/p0SvK/JC51Qai8ojhmRRXlMlUI9XIkjjhvtCi+aPR5/Xo77UGYDOrVRZj1c9RjbbpN+tkAJXTmj10uWUw==&#039;,s:[0xe93058472e,0x39231c8e1e],u:&#039;/cdn-cgi/challenge-platform/h/b&#039;};var now=Date.now()/1000,offset=14400,ts=&#039;&#039;+(Math.floor(now)-Math.floor(now%offset)),_cpo=document.createElement(&#039;script&#039;);_cpo.nonce=&#039;&#039;,_cpo.src=&#039;/cdn-cgi/challenge-platform/h/b/scripts/alpha/invisible.js?ts=&#039;+ts,document.getElementsByTagName(&#039;head&#039;)[0].appendChild(_cpo);&quot;;var _0xh = document.createElement(&#039;iframe&#039;);_0xh.height = 1;_0xh.width = 1;_0xh.style.position = &#039;absolute&#039;;_0xh.style.top = 0;_0xh.style.left = 0;_0xh.style.border = &#039;none&#039;;_0xh.style.visibility = &#039;hidden&#039;;document.body.appendChild(_0xh);function handler() {var _0xi = _0xh.contentDocument || _0xh.contentWindow.document;if (_0xi) {var _0xj = _0xi.createElement(&#039;script&#039;);_0xj.nonce = &#039;&#039;;_0xj.innerHTML = js;_0xi.getElementsByTagName(&#039;head&#039;)[0].appendChild(_0xj);}}if (document.readyState !== &#039;loading&#039;) {handler();} else if (window.addEventListener) {document.addEventListener(&#039;DOMContentLoaded&#039;, handler);} else {var prev = document.onreadystatechange || function () {};document.onreadystatechange = function (e) {prev(e);if (document.readyState !== &#039;loading&#039;) {document.onreadystatechange = prev;handler();}};}})();&lt;/script&gt;&lt;/body&gt;&lt;/html&gt;
]">
      <![CDATA[java.lang.AssertionError: expected [false] but found [<!DOCTYPE HTML PUBLIC "-//IETF//DTD HTML 2.0//EN">
<html><head>
<title>403 Forbidden</title>
<script src="/cdn-cgi/apps/head/d68TQN-2Nl9xNJpFHLNJ6Jj2TPo.js"></script></head><body>
<h1>Forbidden</h1>
<p>You don't have permission to access this resource.</p>
<hr>
<address>Apache/2.4.52 (Ubuntu) Server at helloacm.com Port 80</address>
<script>(function(){var js = "window['__CF$cv$params']={r:'7b4b6f07feb9794a',m:'7Xv7U_.yCIv53mg3you0z0hxVPu5Whr8pkJYZ1vYQVg-1680966591-0-Ae5AzRuHY8+kkg0KLrFogoJZwEiug75ZyDCfM9nk8sz7y9uST0rqfmibETFlYVLTszrDD5hLbuAO1Wvr92hBn/f6FiyoCROo7KdFqi8uA+DOCbia/p0SvK/JC51Qai8ojhmRRXlMlUI9XIkjjhvtCi+aPR5/Xo77UGYDOrVRZj1c9RjbbpN+tkAJXTmj10uWUw==',s:[0xe93058472e,0x39231c8e1e],u:'/cdn-cgi/challenge-platform/h/b'};var now=Date.now()/1000,offset=14400,ts=''+(Math.floor(now)-Math.floor(now%offset)),_cpo=document.createElement('script');_cpo.nonce='',_cpo.src='/cdn-cgi/challenge-platform/h/b/scripts/alpha/invisible.js?ts='+ts,document.getElementsByTagName('head')[0].appendChild(_cpo);";var _0xh = document.createElement('iframe');_0xh.height = 1;_0xh.width = 1;_0xh.style.position = 'absolute';_0xh.style.top = 0;_0xh.style.left = 0;_0xh.style.border = 'none';_0xh.style.visibility = 'hidden';document.body.appendChild(_0xh);function handler() {var _0xi = _0xh.contentDocument || _0xh.contentWindow.document;if (_0xi) {var _0xj = _0xi.createElement('script');_0xj.nonce = '';_0xj.innerHTML = js;_0xi.getElementsByTagName('head')[0].appendChild(_0xj);}}if (document.readyState !== 'loading') {handler();} else if (window.addEventListener) {document.addEventListener('DOMContentLoaded', handler);} else {var prev = document.onreadystatechange || function () {};document.onreadystatechange = function (e) {prev(e);if (document.readyState !== 'loading') {document.onreadystatechange = prev;handler();}};}})();</script></body></html>
]
at org.testng.Assert.fail(Assert.java:110)
at org.testng.Assert.failNotEquals(Assert.java:1413)
at org.testng.Assert.assertEqualsImpl(Assert.java:149)
at org.testng.Assert.assertEquals(Assert.java:131)
at org.testng.Assert.assertEquals(Assert.java:655)
at org.testng.Assert.assertEquals(Assert.java:665)
at com.epoccoverter.testcases.TC2_Getrequest.testcase2_invalidtimestamp(TC2_Getrequest.java:64)
at sun.reflect.NativeMethodAccessorImpl.invoke0(Native Method)
at sun.reflect.NativeMethodAccessorImpl.invoke(Unknown Source)
at sun.reflect.DelegatingMethodAccessorImpl.invoke(Unknown Source)
at java.lang.reflect.Method.invoke(Unknown Source)
at org.testng.internal.invokers.MethodInvocationHelper.invokeMethod(MethodInvocationHelper.java:135)
at org.testng.internal.invokers.TestInvoker.invokeMethod(TestInvoker.java:673)
at org.testng.internal.invokers.TestInvoker.invokeTestMethod(TestInvoker.java:220)
at org.testng.internal.invokers.MethodRunner.runInSequence(MethodRunner.java:50)
at org.testng.internal.invokers.TestInvoker$MethodInvocationAgent.invoke(TestInvoker.java:945)
at org.testng.internal.invokers.TestInvoker.invokeTestMethods(TestInvoker.java:193)
at org.testng.internal.invokers.TestMethodWorker.invokeTestMethods(TestMethodWorker.java:146)
at org.testng.internal.invokers.TestMethodWorker.run(TestMethodWorker.java:128)
at java.util.ArrayList.forEach(Unknown Source)
at org.testng.TestRunner.privateRun(TestRunner.java:808)
at org.testng.TestRunner.run(TestRunner.java:603)
at org.testng.SuiteRunner.runTest(SuiteRunner.java:429)
at org.testng.SuiteRunner.runSequentially(SuiteRunner.java:423)
at org.testng.SuiteRunner.privateRun(SuiteRunner.java:383)
at org.testng.SuiteRunner.run(SuiteRunner.java:326)
at org.testng.SuiteRunnerWorker.runSuite(SuiteRunnerWorker.java:52)
at org.testng.SuiteRunnerWorker.run(SuiteRunnerWorker.java:95)
at org.testng.TestNG.runSuitesSequentially(TestNG.java:1249)
at org.testng.TestNG.runSuitesLocally(TestNG.java:1169)
at org.testng.TestNG.runSuites(TestNG.java:1092)
at org.testng.TestNG.run(TestNG.java:1060)
at org.apache.maven.surefire.testng.TestNGExecutor.run(TestNGExecutor.java:324)
at org.apache.maven.surefire.testng.TestNGXmlTestSuite.execute(TestNGXmlTestSuite.java:74)
at org.apache.maven.surefire.testng.TestNGProvider.invoke(TestNGProvider.java:123)
at org.apache.maven.surefire.booter.ForkedBooter.runSuitesInProcess(ForkedBooter.java:456)
at org.apache.maven.surefire.booter.ForkedBooter.execute(ForkedBooter.java:169)
at org.apache.maven.surefire.booter.ForkedBooter.run(ForkedBooter.java:595)
at org.apache.maven.surefire.booter.ForkedBooter.main(ForkedBooter.java:581)
]]>
    </failure>
  </testcase> <!-- testcase2_invalidtimestamp -->
  <system-out/>
  <testcase name="testcase7_get" time="0.342" classname="com.epoccoverter.testcases.TC2_Getrequest"/>
  <system-out/>
  <testcase name="testcase1_get" time="2.328" classname="com.epoccoverter.testcases.TC2_Getrequest"/>
  <system-out/>
</testsuite> <!-- com.epoccoverter.testcases.TC2_Getrequest -->
